Using pre-set license
Built from '2022.3/staging' branch; Version is '2022.3.11f1 (d00248457e15) revision 13632072'; Using compiler version '192829333'; Build Type 'Release'
OS: 'Windows 11  (10.0.22621) 64bit CoreSingleLanguage' Language: 'en' Physical Memory: 7514 MB
BatchMode: 1, IsHumanControllingUs: 0, StartBugReporterOnCrash: 0, Is64bit: 1, IsPro: 1

COMMAND LINE ARGUMENTS:
C:\Program Files\Unity\Hub\Editor\2022.3.11f1\Editor\Unity.exe
-adb2
-batchMode
-noUpm
-name
AssetImportWorker4
-projectPath
C:/Users/ACER/Documents/Projects/UIManager/UIManagerPlugin
-logFile
Logs/AssetImportWorker4.log
-srvPort
63160
Successfully changed project path to: C:/Users/ACER/Documents/Projects/UIManager/UIManagerPlugin
C:/Users/ACER/Documents/Projects/UIManager/UIManagerPlugin
[UnityMemory] Configuration Parameters - Can be set up in boot.config
    "memorysetup-bucket-allocator-granularity=16"
    "memorysetup-bucket-allocator-bucket-count=8"
    "memorysetup-bucket-allocator-block-size=33554432"
    "memorysetup-bucket-allocator-block-count=8"
    "memorysetup-main-allocator-block-size=16777216"
    "memorysetup-thread-allocator-block-size=16777216"
    "memorysetup-gfx-main-allocator-block-size=16777216"
    "memorysetup-gfx-thread-allocator-block-size=16777216"
    "memorysetup-cache-allocator-block-size=4194304"
    "memorysetup-typetree-allocator-block-size=2097152"
    "memorysetup-profiler-bucket-allocator-granularity=16"
    "memorysetup-profiler-bucket-allocator-bucket-count=8"
    "memorysetup-profiler-bucket-allocator-block-size=33554432"
    "memorysetup-profiler-bucket-allocator-block-count=8"
    "memorysetup-profiler-allocator-block-size=16777216"
    "memorysetup-profiler-editor-allocator-block-size=1048576"
    "memorysetup-temp-allocator-size-main=16777216"
    "memorysetup-job-temp-allocator-block-size=2097152"
    "memorysetup-job-temp-allocator-block-size-background=1048576"
    "memorysetup-job-temp-allocator-reduction-small-platforms=262144"
    "memorysetup-allocator-temp-initial-block-size-main=262144"
    "memorysetup-allocator-temp-initial-block-size-worker=262144"
    "memorysetup-temp-allocator-size-background-worker=32768"
    "memorysetup-temp-allocator-size-job-worker=262144"
    "memorysetup-temp-allocator-size-preload-manager=33554432"
    "memorysetup-temp-allocator-size-nav-mesh-worker=65536"
    "memorysetup-temp-allocator-size-audio-worker=65536"
    "memorysetup-temp-allocator-size-cloud-worker=32768"
    "memorysetup-temp-allocator-size-gi-baking-worker=262144"
    "memorysetup-temp-allocator-size-gfx=262144"
Player connection [13912] Host "[IP] 192.168.8.212 [Port] 0 [Flags] 2 [Guid] 3589829177 [EditorId] 3589829177 [Version] 1048832 [Id] WindowsEditor(7,LAPTOP-FVG69408) [Debug] 1 [PackageName] WindowsEditor [ProjectName] Editor" joined multi-casting on [225.0.0.222:54997]...

Player connection [13912] Host "[IP] 192.168.8.212 [Port] 0 [Flags] 2 [Guid] 3589829177 [EditorId] 3589829177 [Version] 1048832 [Id] WindowsEditor(7,LAPTOP-FVG69408) [Debug] 1 [PackageName] WindowsEditor [ProjectName] Editor" joined alternative multi-casting on [225.0.0.222:34997]...

[Physics::Module] Initialized MultithreadedJobDispatcher with 11 workers.
Refreshing native plugins compatible for Editor in 47.28 ms, found 3 plugins.
Preloading 0 native plugins for Editor in 0.00 ms.
Initialize engine version: 2022.3.11f1 (d00248457e15)
[Subsystems] Discovering subsystems at path C:/Program Files/Unity/Hub/Editor/2022.3.11f1/Editor/Data/Resources/UnitySubsystems
[Subsystems] Discovering subsystems at path C:/Users/ACER/Documents/Projects/UIManager/UIManagerPlugin/Assets
GfxDevice: creating device client; threaded=0; jobified=0
Direct3D:
    Version:  Direct3D 11.0 [level 11.1]
    Renderer: NVIDIA GeForce GTX 1650 (ID=0x1f9d)
    Vendor:   NVIDIA
    VRAM:     3962 MB
    Driver:   27.21.14.5734
Initialize mono
Mono path[0] = 'C:/Program Files/Unity/Hub/Editor/2022.3.11f1/Editor/Data/Managed'
Mono path[1] = 'C:/Program Files/Unity/Hub/Editor/2022.3.11f1/Editor/Data/MonoBleedingEdge/lib/mono/unityjit-win32'
Mono config path = 'C:/Program Files/Unity/Hub/Editor/2022.3.11f1/Editor/Data/MonoBleedingEdge/etc'
Using monoOptions --debugger-agent=transport=dt_socket,embedding=1,server=y,suspend=n,address=127.0.0.1:56516
Begin MonoManager ReloadAssembly
Registering precompiled unity dll's ...
Register platform support module: C:/Program Files/Unity/Hub/Editor/2022.3.11f1/Editor/Data/PlaybackEngines/AndroidPlayer/UnityEditor.Android.Extensions.dll
Register platform support module: C:/Program Files/Unity/Hub/Editor/2022.3.11f1/Editor/Data/PlaybackEngines/WindowsStandaloneSupport/UnityEditor.WindowsStandalone.Extensions.dll
Registered in 0.019540 seconds.
- Loaded All Assemblies, in  1.596 seconds
Native extension for WindowsStandalone target not found
Native extension for Android target not found
Android Extension - Scanning For ADB Devices 706 ms
Mono: successfully reloaded assembly
- Finished resetting the current domain, in  1.449 seconds
Domain Reload Profiling: 3045ms
	BeginReloadAssembly (997ms)
		ExecutionOrderSort (0ms)
		DisableScriptedObjects (0ms)
		BackupInstance (0ms)
		ReleaseScriptingObjects (0ms)
		CreateAndSetChildDomain (3ms)
	RebuildCommonClasses (85ms)
	RebuildNativeTypeToScriptingClass (25ms)
	initialDomainReloadingComplete (130ms)
	LoadAllAssembliesAndSetupDomain (356ms)
		LoadAssemblies (990ms)
		RebuildTransferFunctionScriptingTraits (0ms)
		AnalyzeDomain (349ms)
			TypeCache.Refresh (346ms)
				TypeCache.ScanAssembly (314ms)
			ScanForSourceGeneratedMonoScriptInfo (1ms)
			ResolveRequiredComponents (2ms)
	FinalizeReload (1452ms)
		ReleaseScriptCaches (0ms)
		RebuildScriptCaches (0ms)
		SetupLoadedEditorAssemblies (1311ms)
			LogAssemblyErrors (0ms)
			InitializePlatformSupportModulesInManaged (968ms)
			SetLoadedEditorAssemblies (11ms)
			RefreshPlugins (0ms)
			BeforeProcessingInitializeOnLoad (6ms)
			ProcessInitializeOnLoadAttributes (217ms)
			ProcessInitializeOnLoadMethodAttributes (108ms)
			AfterProcessingInitializeOnLoad (0ms)
			EditorAssembliesLoaded (1ms)
		ExecutionOrderSort2 (0ms)
		AwakeInstancesAfterBackupRestoration (0ms)
========================================================================
Worker process is ready to serve import requests
Begin MonoManager ReloadAssembly
- Loaded All Assemblies, in  3.734 seconds
Refreshing native plugins compatible for Editor in 36.33 ms, found 3 plugins.
Native extension for WindowsStandalone target not found
Native extension for Android target not found
Package Manager log level set to [2]
[Package Manager] Server::EnsureServerProcessIsRunning -- launch failed, reason: Unity was launched with the -noUpm command-line argument
[Package Manager] UpmClient::Send -- Unable to send message (not connected to UPM process).
[Package Manager] Cannot connect to Unity Package Manager local server
Mono: successfully reloaded assembly
- Finished resetting the current domain, in  1.844 seconds
Domain Reload Profiling: 5572ms
	BeginReloadAssembly (298ms)
		ExecutionOrderSort (0ms)
		DisableScriptedObjects (13ms)
		BackupInstance (0ms)
		ReleaseScriptingObjects (0ms)
		CreateAndSetChildDomain (42ms)
	RebuildCommonClasses (79ms)
	RebuildNativeTypeToScriptingClass (24ms)
	initialDomainReloadingComplete (88ms)
	LoadAllAssembliesAndSetupDomain (3236ms)
		LoadAssemblies (1934ms)
		RebuildTransferFunctionScriptingTraits (0ms)
		AnalyzeDomain (1471ms)
			TypeCache.Refresh (1390ms)
				TypeCache.ScanAssembly (1344ms)
			ScanForSourceGeneratedMonoScriptInfo (60ms)
			ResolveRequiredComponents (17ms)
	FinalizeReload (1847ms)
		ReleaseScriptCaches (0ms)
		RebuildScriptCaches (0ms)
		SetupLoadedEditorAssemblies (1508ms)
			LogAssemblyErrors (0ms)
			InitializePlatformSupportModulesInManaged (89ms)
			SetLoadedEditorAssemblies (10ms)
			RefreshPlugins (0ms)
			BeforeProcessingInitializeOnLoad (372ms)
			ProcessInitializeOnLoadAttributes (891ms)
			ProcessInitializeOnLoadMethodAttributes (77ms)
			AfterProcessingInitializeOnLoad (68ms)
			EditorAssembliesLoaded (1ms)
		ExecutionOrderSort2 (0ms)
		AwakeInstancesAfterBackupRestoration (12ms)
Launched and connected shader compiler UnityShaderCompiler.exe after 0.13 seconds
Refreshing native plugins compatible for Editor in 13.38 ms, found 3 plugins.
Preloading 0 native plugins for Editor in 0.00 ms.
Unloading 4004 Unused Serialized files (Serialized files now loaded: 0)
Unloading 36 unused Assets / (58.9 KB). Loaded Objects now: 4465.
Memory consumption went from 143.5 MB to 143.4 MB.
Total: 7.472700 ms (FindLiveObjects: 0.554900 ms CreateObjectMapping: 0.230600 ms MarkObjects: 6.195300 ms  DeleteObjects: 0.489400 ms)

AssetImportParameters requested are different than current active one (requested -> active):
  custom:container-demuxer-ogg: 62fdf1f143b41e24485cea50d1cbac27 -> 
  custom:scripting/monoscript/fileName/InstanceProvider.cs: f119eceff3a6e70c4dd7c230840a250e -> 1512d8b98f5296242329968a8ff13ed4
  custom:scripting/monoscript/fileName/ArrayPool.cs: b62e0c23bd2ab197e5146f9826836769 -> 845536f7047de828bbec8d41393a75eb
  custom:scripting/monoscript/fileName/ForEach.cs: d55750bc6f692ea6e7c7976cd15cc261 -> e33c7194e474df42f967f4fe9c0322f1
  custom:video-decoder-ogg-theora: a1e56fd34408186e4bbccfd4996cb3dc -> 
  custom:framework-win-MediaFoundation: 216162199b28c13a410421893ffa2e32 -> 
  custom:scripting/monoscript/fileName/Average.cs: 90647cc400823b41df847a6cbfc29026 -> e8cbae61c3193605078b4ae7fdc4d039
  custom:scripting/monoscript/fileName/PlayerLoopHelper.cs: 960da322f031c73ef92a11c8f2bf67ee -> 17207c5162d989e234589c125b6bd6f7
  custom:CustomObjectIndexerAttribute: 756ad292c208cfabdd7b50bc23989ffe -> 
  custom:container-demuxer-webm: 4f35f7cbe854078d1ac9338744f61a02 -> 
  custom:scripting/monoscript/fileName/Empty.cs: 90647cc400823b41df847a6cbfc29026 -> 5f5a8429128f0d2431472f9a3949bda4
  custom:scripting/monoscript/fileName/PlayerLoopRunner.cs: 53c3e59cca211f478b46021140258c7d -> 1516f3d266be3cb70916e157ef6ba88c
  custom:container-muxer-webm: aa71ff27fc2769a1b78a27578f13a17b -> 
  custom:video-decoder-webm-vp8: 9c59270c3fd7afecdb556c50c9e8de78 -> 
  custom:SearchIndexIgnoredProperties: e643bd26f0fe6173181afceb89e7c659 -> 
  custom:AudioImporter_EditorPlatform: d09bf68614088b80899f8185d706f6e7 -> 
  custom:scripting/monoscript/fileName/TypeExtensions.cs: dcfbda865fe8349225c494951670deb0 -> 3f99cb9b6b31784335fcde8c38955318
  custom:scripting/monoscript/fileName/IResourceProvider.cs: 4b4333faac1f035dca79aa7cb63380b6 -> 4e1072087895f7cf2b9fc9e8f681e3cf
  custom:scripting/monoscript/fileName/IInstanceProvider.cs: 6a354dd56278f9b231b5a8be97d6766f -> 27f91974c74d3ee5c6974ae86d2d7f76
  custom:scripting/monoscript/fileName/Sum.cs: 90647cc400823b41df847a6cbfc29026 -> 030ce689a2b4d409f68e39ab6d70406e
  custom:video-encoder-webm-vp8: eb34c28f22e8b96e1ab97ce403110664 -> 
  custom:audio-decoder-ogg-vorbis: bf7c407c2cedff20999df2af8eb42d56 -> 
  custom:scripting/monoscript/fileName/MD4.cs: eb4100b4258ba66e68a6a8330d8ed4cc -> 78155ea9dc73b12fc02ca5bf12ab1a89
  custom:scripting/monoscript/fileName/SplitterGUILayout.cs: f4c16665c2eb566e2505ac721688fdca -> 0c992291107261a5b746ee55a066ae44
  custom:scripting/monoscript/fileName/Serializer.cs: d7df1b97d0a3bd0bb98fd4d2d5bf5d29 -> 6c1de1ff1b6b7616ec79b8ee1445add4
  custom:scripting/monoscript/fileName/Timer.cs: 2a2c41e1305ce1487e3429cff82a958a -> a857f2fcc999e938d00baea397d40274
  custom:audio-encoder-webm-vorbis: bf7c407c2cedff20999df2af8eb42d56 -> 
  custom:scripting/monoscript/fileName/Throw.cs: 8c2101cda47f1a6b55b2c6698df42836 -> a30ac8f909682390d3fae10f3235e0a7
  custom:scripting/monoscript/fileName/Range.cs: 6403016406936a29c1e23f7a5897e397 -> 46c6b6ce55d7feba6a28caa4a6c8c25a
  custom:scripting/monoscript/fileName/ContainerBuilderExtensions.cs: df8b89fe295fee80bdf34b7d919a7927 -> 3b4102b4daa3704e9887504446c56ecd
  custom:scripting/monoscript/fileName/ToDictionary.cs:  -> 853f26c16995d1a07dc3a2f1cfc74045
  custom:scripting/monoscript/fileName/OfType.cs:  -> efe6b934e9d0ee1725c154fd964b4209
  custom:scripting/monoscript/fileName/BuildParameters.cs:  -> bd85c8a149ef959801dc7583c240bf8c
  custom:scripting/monoscript/fileName/DetailsContentView.cs:  -> d3794fb1987b771396a4634823d3c0bf
  custom:scripting/monoscript/fileName/IBuildTasks.cs:  -> ad73a7c5af5769af35e7121ce421c767
  custom:scripting/precompiled-assembly-types:Unity.ScriptableBuildPipeline:  -> d3013a7ac4c7a8a2426d0dffcf800074
  custom:scripting/monoscript/fileName/TaskTracker.cs:  -> 82c2ecb245b909a00defd6a9a4a657d5
  custom:scripting/monoscript/fileName/EveryUpdate.cs:  -> 7a1fd878456a01f1286cf928dbb9fcc0
  custom:scripting/monoscript/fileName/TrackerExtensions.cs:  -> 05c6facd03e82ea85ea8497944d142b2
  custom:scripting/monoscript/fileName/ComponentSingleton.cs:  -> 90647cc400823b41df847a6cbfc29026
  custom:scripting/monoscript/fileName/TakeUntilCanceled.cs:  -> efe6b934e9d0ee1725c154fd964b4209
  custom:scripting/monoscript/fileName/SceneDataWriteOperation.cs:  -> 62fc06a44a6276d74f5ce5527ac1c0e7
  custom:scripting/monoscript/fileName/UniTask.Delay.cs:  -> 6d9b8e88c770fd2057f60e63caddbafc
  custom:scripting/monoscript/fileName/LongCount.cs:  -> c5beda95243fe5b1cf4302db3b15d391
  custom:scripting/monoscript/fileName/EventListView.cs:  -> 5096d1d7ed3c53b8f6583067a96b51ec
  custom:scripting/monoscript/fileName/EnumerableAsyncExtensions.cs:  -> 13e96b5b3a6944983287efb42fd700a4
  custom:scripting/monoscript/fileName/PoolStack.cs:  -> 0cdf409b5aa8d4c25876d72b5c6a3b60
  custom:scripting/monoscript/fileName/EventDataSample.cs:  -> 3bc0f0708fb0d7ca628cca69e28808f6
  custom:scripting/monoscript/fileName/AddressableEditorInitialization.cs:  -> e51e3839e2335bed77f54ab13e70dcc8
  custom:scripting/monoscript/fileName/BuildCache.cs:  -> ed18a1a079f7380eac8245801a570733
  custom:scripting/monoscript/fileName/LabelsContentView.cs:  -> fec8a868a65de532b305bc5e095a661d
  custom:scripting/monoscript/fileName/LegacyResourcesProvider.cs:  -> 69bf867aeeb07c6645f96a3160f7b721
  custom:scripting/monoscript/fileName/Last.cs:  -> 88708c3ba65d76354276d15f03452c76
  custom:scripting/monoscript/fileName/PostWritingCallback.cs:  -> 554018e4e98d586ae4dba2461cc09229
  custom:scripting/monoscript/fileName/SpookyHash.cs:  -> ced234d9ef31626b6b07f6aab873119b
  custom:scripting/monoscript/fileName/PreviewSceneDependencyData.cs:  -> 0aa0e9fad79dc24aadab25b9d7a9b9a5
  custom:scripting/monoscript/fileName/MessagePipeDiagnosticsInfo.cs:  -> fc6bb179ce2e2a7c9e947bdbbcb7fc32
  custom:scripting/monoscript/fileName/AssetsContentView.cs:  -> 6db402595431771fa25a0b8b68e9d9cb
  custom:scripting/monoscript/fileName/FastQueue.cs:  -> 90647cc400823b41df847a6cbfc29026
  custom:scripting/monoscript/fileName/Cast.cs:  -> efe6b934e9d0ee1725c154fd964b4209
  custom:scripting/monoscript/fileName/UniTask.Threading.cs:  -> ab2a0015a9ca3985d1056c9f4f29a2c9
  custom:scripting/monoscript/fileName/MinMax.cs:  -> 15779772b7c929062f3f3df938c5c4a0
  custom:scripting/precompiled-assembly-types:UniTask.Linq:  -> d0620118575277e4e24b8f6424811e45
  custom:scripting/monoscript/fileName/AddressablesDataBuilderInput.cs:  -> d0ceeca55ba9548a4e3f43d6790d194d
  custom:scripting/monoscript/fileName/AddressableAssetEntry.cs:  -> f469a40e3b92f4355e377d68de617fd6
  custom:scripting/monoscript/fileName/BuildReportHelperConsumer.cs:  -> 71faeae2d4769b479de182795aa67c48
  custom:scripting/monoscript/fileName/TaskPool.cs:  -> a735ffbec628488b88249b7f956b0d0d
  custom:scripting/monoscript/fileName/CacheInitializationSettings.cs:  -> 842dffb763efae26f756885fe6b5ad3a
  custom:scripting/monoscript/fileName/BuildLayoutHelpers.cs:  -> a5f73d550385ddf73dd17b6147ee5b92
  custom:scripting/monoscript/fileName/DiagnosticEventCollector.cs:  -> 90b5791cc9b46fcf5a10ac5fc4c9840e
  custom:scripting/monoscript/fileName/FilterAttachedRequestHandlerFactory.cs:  -> 68fdb7b1109f6c94d83df59c65f0091c
  custom:scripting/monoscript/fileName/UnityAsyncExtensions.AssetBundleRequestAllAssets.cs:  -> f3f5c3d001575b5a5576a100282c864a
  custom:scripting/monoscript/fileName/ValueStopwatch.cs:  -> f61cb305aa85cbbb5acf992243f95334
  custom:scripting/monoscript/fileName/GenerateSubAssetPathMaps.cs:  -> c7987fa236ddbc39e6da8bcfe285d7c7
  custom:scripting/monoscript/fileName/WeakDictionary.cs:  -> 0cdf409b5aa8d4c25876d72b5c6a3b60
  custom:scripting/monoscript/fileName/EventFactory.cs:  -> ad38b06b6c8f98524ec30a73b374d5ee
  custom:scripting/monoscript/fileName/DistributedSubscriberExtensions.cs:  -> 415d5f3a5ad9e4e159797f3a53fa31f2
  custom:scripting/monoscript/fileName/Union.cs:  -> 5e129a52608008db261a7267b9274d7e
  custom:scripting/monoscript/fileName/BuildLayoutSummary.cs:  -> 2e9b8e01c1c8d08be7289069e134160c
  custom:scripting/monoscript/fileName/AddressableAssetEntryCollection.cs:  -> d91f7661023fb4fe0b8be2bcc642540f
  custom:scripting/monoscript/fileName/VersionedCallbackAttribute.cs:  -> 792d43fefe55909e52271f20ce4bd5db
  custom:scripting/monoscript/fileName/UniTaskCompletionSource.cs:  -> 7b56bd5ecdcb6239952a48a7b7e3faa2
  custom:scripting/monoscript/fileName/AddressableIconNames.cs:  -> d618c5158b8ddbdef90ea4ee1fbe8a9b
  custom:scripting/monoscript/fileName/BuildLog.cs:  -> f381a35baf9bd9880d2d4023ad70717e
  custom:scripting/monoscript/fileName/LabelWindow.cs:  -> a61eaab11f136631f21b256017d41b70
  custom:scripting/monoscript/fileName/AsyncOperationBase.cs:  -> 7219b8f403b1b38f72b48ab547d013f3
  custom:scripting/monoscript/fileName/AddressableAssetSettingsInspector.cs:  -> cf28a396c15efef0f35f2a8f2b3918e1
  custom:scripting/monoscript/fileName/BuiltinSceneCache.cs:  -> df9abd90abb709166038c36e804be1f2
  custom:scripting/monoscript/fileName/CleanBundleCacheOperation.cs:  -> 685a421cddf931120074dfa7f00eee19
  custom:scripting/monoscript/fileName/ContentFileIdentifiers.cs:  -> 7655f22dc8e01297e0fa51cc343ac6c9
  custom:scripting/monoscript/fileName/BundleExplictObjectLayout.cs:  -> 7ebaaae109881757a2cd1a5aaeb77811
  custom:scripting/monoscript/fileName/IDependencyData.cs:  -> 35a83d3a80674af5f8ca402d71bd60d0
  custom:scripting/monoscript/fileName/CombineLatest.cs:  -> b99e6458fba1728c40874a134dc2a0d3
  custom:scripting/monoscript/fileName/AddressablesImpl.cs:  -> be57218b2f6d69fa0616271ca49477c1
  custom:scripting/monoscript/fileName/ToArray.cs:  -> 6404b77bd3066b1944bb51dd4d45afd5
  custom:scripting/monoscript/fileName/IRequestHandler.cs:  -> 2e55e7d895e34ce3a248db901be3f1c7
  custom:scripting/monoscript/fileName/AddressableScenesManager.cs:  -> 748e55e05bbd1a8cb78604e8cbfdcf27
  custom:scripting/monoscript/fileName/InitializationObjectsOperation.cs:  -> 9973862fa2e4f63b15f0c93d284666bc
  custom:scripting/monoscript/fileName/CancellationTokenSourceExtensions.cs:  -> df5e67afb4787c78748f0893349ddcc4
  custom:scripting/monoscript/fileName/EventDataStream.cs:  -> 8c5fd7099df0bbb089a6c08a72e5b2af
  custom:scripting/monoscript/fileName/ResourceManager.cs:  -> 963cf602385bdad8abe64cead0fb82cd
  custom:scripting/monoscript/fileName/BuildResults.cs:  -> ea29098741349f66a5c13be22430b91a
  custom:scripting/monoscript/fileName/AddressablesDataBuilders.cs:  -> 69454d3f41e6a4eaa6af47f23b30c8aa
  custom:scripting/monoscript/fileName/WebRequestQueue.cs:  -> 0bd7118a4a8a55d3a5dc2e3002437989
  custom:scripting/monoscript/fileName/AsyncUniTaskMethodBuilder.cs:  -> e3a01de5eb11c9f5866f89eeb20267a0
  custom:scripting/monoscript/fileName/OrgData.cs:  -> 4824c3cc00ed531062f3c2de1ed5d4c3
  custom:scripting/monoscript/fileName/FilterDefinition.cs:  -> 85ed3059b53e6d8160c4ced0737e8dab
  custom:scripting/monoscript/fileName/HashStream.cs:  -> 79ad716994d62b2c0cafd2bf9cc6c712
  custom:scripting/monoscript/fileName/ResourceLocationData.cs:  -> 3a2f1e257930132c4a3021b9015d202c
  custom:scripting/monoscript/fileName/BundledAssetGroupSchema.cs:  -> bcb47eaa49cf63629f7b71bf29d08a18
  custom:scripting/monoscript/fileName/GraphLayerBackground.cs:  -> bfb8c96c78a31d797ff129ad65a43b2c
  custom:scripting/monoscript/fileName/HttpHostingService.cs:  -> 6f60c8eb1b51ad3699dfa367eefd8baa
  custom:scripting/monoscript/fileName/AddHashToBundleNameTask.cs:  -> ffec87a59eb17f0bbea1f4556204c4f2
  custom:scripting/monoscript/fileName/DelegateList.cs:  -> 90647cc400823b41df847a6cbfc29026
  custom:scripting/monoscript/fileName/BuildContext.cs:  -> 34a222ebebd3606fff156033d4c23266
  custom:scripting/monoscript/fileName/DefaultBuildTasks.cs:  -> b93cbe91f00034105b24705dc67fc837
  custom:scripting/monoscript/fileName/AddressableAssetGroupTemplateInspector.cs:  -> bc145acbf2b0f8f4239d5d21e87802ed
  custom:scripting/monoscript/fileName/DelayedActionManager.cs:  -> b215f0cc28e5b39d62597ab173ced320
  custom:scripting/monoscript/fileName/CreateBuiltInShadersBundle.cs:  -> e4f12aa9a6b849b3a7861bf492376679
  custom:scripting/monoscript/fileName/AddressableAssetsBundleBuildParameters.cs:  -> 8b3e1e658c9efb352f02ffdd7c175a3b
  custom:scripting/monoscript/fileName/AsyncUniTaskVoidMethodBuilder.cs:  -> 8fa3a82ba985e8b594664166603ffbef
  custom:scripting/monoscript/fileName/AssetPublishEditor.cs:  -> 5e6fcb209f4275e87027d569b903a801
  custom:scripting/monoscript/fileName/PlayerSettingsApi.cs:  -> e8704eb198d8f61f68729b362e34f254
  custom:scripting/monoscript/fileName/ValidationMethods.cs:  -> 0ca38beb753f491a65475578d824a594
  custom:scripting/monoscript/fileName/GenerateLinkXml.cs:  -> 438676c0a3ae847305e5461d0d0dfb13
  custom:scripting/monoscript/fileName/UnityAsyncExtensions.cs:  -> 5c801e2a4661c50f2c93ff7347b280fe
  custom:scripting/monoscript/fileName/Any.cs:  -> aa13258fd7488f44ba8c2c11f3aa46fd
  custom:scripting/monoscript/fileName/UnityEqualityComparer.cs:  -> 95d9fb995103f23f6d416d53ad31cb26
  custom:scripting/monoscript/fileName/AttributeFilterProvider.cs:  -> 90647cc400823b41df847a6cbfc29026
  custom:scripting/monoscript/fileName/PlatformMappingService.cs:  -> 112fe80ee263d9422a7570d41ca95c90
  custom:scripting/monoscript/fileName/AssetBundleWriteOperation.cs:  -> db3d146633bcf83272b8d8ec27708373
  custom:scripting/monoscript/fileName/BundledAssetProvider.cs:  -> 7b2acd0dc4b920c1447f4e405e758da9
  custom:scripting/monoscript/fileName/BuildScriptVirtualMode.cs:  -> ecfa9317a4325be6ea7efafabf202d84
  custom:scripting/monoscript/fileName/Except.cs:  -> efe6b934e9d0ee1725c154fd964b4209
  custom:scripting/monoscript/fileName/AssetLabelReference.cs:  -> 535c57f3a3bd81b3adc86b02034e7fda
  custom:scripting/monoscript/fileName/ExtensionMethods.cs:  -> 4642d9c802c70c033ea67f5c9fc06bdb
  custom:scripting/monoscript/fileName/ResourceManagerEventCollector.cs:  -> cf8765b1ba0f714abe2ca54744783dea
  custom:scripting/monoscript/fileName/BuildScriptBase.cs:  -> adfd9e3e356b350272d27b9a6c93a55a
  custom:scripting/monoscript/fileName/Concat.cs:  -> efe6b934e9d0ee1725c154fd964b4209
  custom:scripting/precompiled-assembly-types:Unity.ScriptableBuildPipeline.Editor:  -> c2f5237ed736426b1896b48005260883
  custom:scripting/monoscript/fileName/BuildScriptPackedPlayMode.cs:  -> 376414de220a9f2aaee2505d1d67ddda
  custom:scripting/monoscript/fileName/AddressableAssetSettingsLocator.cs:  -> f52d919be3c487a83fcb39a65ed0c368
  custom:scripting/monoscript/fileName/AddressableAssetGroupTemplateInterface.cs:  -> c6c784d5ce4db43651308dbc5a340915
  custom:scripting/monoscript/fileName/TaskShims.cs:  -> bdd7cc3627d1ad11a0596188e2167dea
  custom:scripting/monoscript/fileName/AddressableAssetGroupSchemaSet.cs:  -> 8cb8eb885b2e86eafd9d731360a75ad6
  custom:scripting/monoscript/fileName/ArrayUtil.cs:  -> 4dfd7927a47737e49c2cc6bb73943d6d
  custom:scripting/monoscript/fileName/GraphLayerEventMarker.cs:  -> 973da78a8787db14c083d53cf7575fbc
  custom:scripting/monoscript/fileName/CheckResourcesDupeDependencies.cs:  -> 9a7363d2118556b9a749e5c87a9abb28
  custom:scripting/monoscript/fileName/FastModeInitializationOperation.cs:  -> 3969bd66bfd96ce4f1b25d29127c7d0d
  custom:scripting/monoscript/fileName/AsyncLazy.cs:  -> 25e20805e192ee0d16d280c4f2870a3d
  custom:scripting/monoscript/fileName/DistinctUntilChanged.cs:  -> 59d9183b470ee61d6699066a5d33f198
  custom:scripting/monoscript/fileName/LinkXMLGenerator.cs:  -> a12ef316d0e18f4f3cc0d1c12f9a8995
  custom:scripting/monoscript/fileName/HashingMethods.cs:  -> 715cdfdde81dd1627a447579d5c1a2a8
  custom:scripting/monoscript/fileName/GraphicsSettingsApi.cs:  -> e643b869c2bd158e219684eb7bac7d5a
  custom:scripting/monoscript/fileName/SceneRawWriteOperation.cs:  -> 5a20bbe9c2135f3c677809d25231ee39
  custom:scripting/monoscript/fileName/AsyncReactiveProperty.cs:  -> d89c031268f2cb66670e79d131fea850
  custom:scripting/monoscript/fileName/IBuildReportConsumer.cs:  -> b4374783b4f13e8fa8a35606f65fe93e
  custom:scripting/monoscript/fileName/ToObservable.cs:  -> efe6b934e9d0ee1725c154fd964b4209
  custom:scripting/monoscript/fileName/BuildLayout.cs:  -> 3e449370b64b375854c1a33213daf1a7
  custom:scripting/monoscript/fileName/IResourceLocation.cs:  -> f910c20a7ea8c8aa53f2053fca98b4ce
  custom:scripting/monoscript/fileName/PrefabPackedIdentifiers.cs:  -> 88eee9e87bb381ef74e5d164ea9612c4
  custom:scripting/monoscript/fileName/MessagePipeDiagnosticsInfoTreeView.cs:  -> ad2565e8abd4f60764dc1a5431d04eed
  custom:scripting/monoscript/fileName/FilterAttachedMessageHandlerFactory.cs:  -> 2952ef064140172d0f00ae0255b0c255
  custom:scripting/monoscript/fileName/AddressableAssetGroupTemplate.cs:  -> 1d8da5f1890836d608e7d5b7f3373a2f
  custom:scripting/monoscript/fileName/UniTaskVoid.cs:  -> 4b8f4a8c73a4292efbb21c7d63291fb7
  custom:scripting/monoscript/fileName/TextMeshProAsyncExtensions.InputField.cs:  -> df5094f7b04c1c8408903779c58605e6
  custom:scripting/monoscript/fileName/EventDataPlayerSession.cs:  -> 91bc0ee1e4ffa4506b091453a9262bec
  custom:scripting/monoscript/fileName/TaskCachingUtility.cs:  -> 2abbe35728db88bbaa201e6c478a95f2
  custom:scripting/monoscript/fileName/UniTask.WhenAny.Generated.cs:  -> 7fb018e9ba3599b49ae82f13957c218e
  custom:scripting/monoscript/fileName/CalculateSceneDependencyData.cs:  -> 104fc632ee9eb1eac0995150ef581054
  custom:scripting/monoscript/fileName/BuildContent.cs:  -> 8b98bc58cf5574343dc7ddad95d66a2a
  custom:scripting/monoscript/fileName/RequestHandler.cs:  -> 0cdf409b5aa8d4c25876d72b5c6a3b60
  custom:scripting/monoscript/fileName/DynamicResourceLocators.cs:  -> 1034695c180ba1f11efcc8c0af8b64d6
  custom:scripting/monoscript/fileName/BundlesContentView.cs:  -> 06261d15b4a9f40f2d13bad3fd8c0d7e
  custom:scripting/monoscript/fileName/AsyncMessageBroker_Key.cs:  -> fdc76af93c95796253fa211c3d9c79fa
  custom:scripting/monoscript/fileName/AddressableAssetSettings.cs:  -> cc9347dff1588a85ad81a10cb9a60747
  custom:scripting/monoscript/fileName/EnumeratorAsyncExtensions.cs:  -> c0a3605d88ea8ffc810d2a3d675cbb83
  custom:scripting/monoscript/fileName/First.cs:  -> 285dac58238b7275ed2bdd847a0195a9
  custom:scripting/monoscript/fileName/UnityWebRequestExtensions.cs:  -> f43c4a2feb2af21d14345667745e03fc
  custom:scripting/monoscript/fileName/ToList.cs:  -> 6e96e24dcf5b767462a5bd4322507504
  custom:scripting/monoscript/fileName/CreateMonoScriptBundle.cs:  -> 2583ca987d667d4dd92571cf56d8871f
  custom:scripting/monoscript/fileName/SubscriberExtensions.AsAsyncEnumerable.cs:  -> 106b9f3bd88baedf08ce4a225195d8f4
  custom:scripting/monoscript/fileName/AddressableAnalytics.cs:  -> 8d6eaaaa8879afed7791bcb8ad0a55d6
  custom:scripting/monoscript/fileName/AtlasSpriteProvider.cs:  -> b13170f1a8da7c93ca0f20413670befc
  custom:scripting/monoscript/fileName/StripUnusedSpriteSources.cs:  -> 8e0de493596d68c81f185a4c7e2ecc3e
  custom:scripting/monoscript/fileName/ProgressTracker.cs:  -> 7cf527e59ae90a5de1d1297f2cf5b5d9
  custom:scripting/monoscript/fileName/GlobalMessagePipe.cs:  -> 529465d8e32bb14f0675f0fb8cb2a504
  custom:scripting/monoscript/fileName/TaskExtensions.cs:  -> d08ff6f7f354d5430519823dc99a9049
  custom:scripting/monoscript/fileName/TakeLast.cs:  -> efe6b934e9d0ee1725c154fd964b4209
  custom:scripting/monoscript/fileName/Channel.cs:  -> 9e35ae4ba835422461e7181304965bc2
  custom:scripting/monoscript/fileName/HostingServicesWindow.cs:  -> aea0a90645e2ad9918bb8f7947977cbc
  custom:scripting/monoscript/fileName/Subscribe.cs:  -> 68fe690e175d1806b8f4f9a03484f851
  custom:scripting/monoscript/fileName/AsyncOperationHandle.cs:  -> 5f193f67e9fe132700bb16490c49fe52
  custom:scripting/monoscript/fileName/QualitySettingsApi.cs:  -> 8a81ef3b39ef7374ffa2c64379a5666c
  custom:scripting/monoscript/fileName/GenerateBundleCommands.cs:  -> df8cc1862a26a9b8b8065412bf4da3d1
  custom:scripting/monoscript/fileName/SubscriberExtensions.FirstAsync.cs:  -> 496b066a47cbdf96c70b6cad47375bbc
  custom:scripting/monoscript/fileName/DetailsListItem.cs:  -> fc00a048fdb993f628239efc8b3b3ff0
  custom:scripting/monoscript/fileName/LabelTable.cs:  -> 2d4def09103b938e537a18b451868393
  custom:scripting/monoscript/fileName/UniTask.WhenAny.cs:  -> 3c3b2a413e58db97394631ba904ce3bd
  custom:scripting/monoscript/fileName/Ribbon.cs:  -> 7520e82ba3d55750b026206f051896a1
  custom:scripting/monoscript/fileName/Repeat.cs:  -> efe6b934e9d0ee1725c154fd964b4209
  custom:scripting/monoscript/fileName/PostPackingCallback.cs:  -> f0f64a598e599b8fee359c8bbbbb7967
  custom:scripting/monoscript/fileName/DeSerializer.cs:  -> 42de108158a2d64cff75d55be619c3d6
  custom:scripting/monoscript/fileName/ListWithEvents.cs:  -> 90647cc400823b41df847a6cbfc29026
  custom:scripting/monoscript/fileName/ProgressLoggingTracker.cs:  -> 5d288d40f7eb670174353f8188801c70
  custom:scripting/monoscript/fileName/SerializedTypeDrawer.cs:  -> 55704df2e1fbeb280a39857e3fe8599a
  custom:scripting/monoscript/fileName/ExceptionExtensions.cs:  -> 7b81db5ecb9297bf18a2cb3010374468
  custom:scripting/monoscript/fileName/GraphLayerLabel.cs:  -> e6bbecfb657f4306f18760a66877483c
  custom:scripting/monoscript/fileName/IBuildResults.cs:  -> 8b5b87d2e7d0fe52b18dffb583edf526
  custom:scripting/monoscript/fileName/BundleRuleBase.cs:  -> e7ef640b2d0e3626500ffc1b301ab048
  custom:scripting/monoscript/fileName/DownloadStatus.cs:  -> 54e6ecf38c97350b7185a2dbdd2736c2
  custom:scripting/monoscript/fileName/ProfileDataSourceDropdownWindow.cs:  -> 0c889b1a609cf40b8fe20a3ed4bbafff
  custom:scripting/monoscript/fileName/UnityWebRequestUtilities.cs:  -> 9b8466aca40de6647ee5e3ca2db084e4
  custom:scripting/monoscript/fileName/ProfileDataSourceSettings.cs:  -> 5e371415d0bffd9fa1566f074827ca84
  custom:scripting/monoscript/fileName/MainPanelSummaryTab.cs:  -> 28ca7ae655dc332f660c132d33be2668
  custom:scripting/monoscript/fileName/AsyncRequestHandlerWhenAll.cs:  -> 90647cc400823b41df847a6cbfc29026
  custom:scripting/monoscript/fileName/ToHashSet.cs:  -> 82703834989a0f61ccf0da63a58b3426
  custom:scripting/monoscript/fileName/Take.cs:  -> efe6b934e9d0ee1725c154fd964b4209
  custom:scripting/monoscript/fileName/ToUniTaskAsyncEnumerable.cs:  -> 59d9183b470ee61d6699066a5d33f198
  custom:scripting/monoscript/fileName/Disposables.cs:  -> 6015542a9ac0f71972608a373f180184
  custom:scripting/monoscript/fileName/ClusterBuildLayout.cs:  -> 5771ce961e5c856dda3162f7e7866c51
  custom:scripting/monoscript/fileName/DumpToText.cs:  -> 2dfe9c7754fbb721de687736d394e422
  custom:scripting/precompiled-assembly-types:MessagePipe.Editor:  -> fe404d75567fa008133e3210d36bb86a
  custom:scripting/monoscript/fileName/BuildProfileSettingsEditor.cs:  -> 970095181710e210a9e9390c58796570
  custom:scripting/monoscript/fileName/AddressableAssetUtility.cs:  -> 72a93ba81003bd461d6101745b676e3e
  custom:scripting/monoscript/fileName/GroupsContentView.cs:  -> 6c0af8780f1bc0c3acee464ca49bd416
  custom:scripting/monoscript/fileName/FileRegistry.cs:  -> c2a0e90b96356fc8b397f160fccdb0e1
  custom:scripting/monoscript/fileName/MoveNextSource.cs:  -> fcc01f7a99c9c0ae30680a9b3d13f934
  custom:scripting/monoscript/fileName/ContentCatalogData.cs:  -> 69501017901d28c7b50ababf6ecc7e6c
  custom:scripting/monoscript/fileName/AddressableAssetGroup.cs:  -> 0f9c4653caddd0474511f5b3f44ee076
  custom:scripting/precompiled-assembly-types:MessagePipe.VContainer:  -> c6aae61270c611461ed86daf1b5751bf
  custom:scripting/monoscript/fileName/ProfileGroupType.cs:  -> c75096844ddd488c7a0178740cfcc99e
  custom:scripting/monoscript/fileName/DetailsContents.cs:  -> 897c368e5dc4cdd93f45e1ac7d556963
  custom:scripting/monoscript/fileName/AddressableAssetEntryCollectionEditor.cs:  -> 3573c130dc7f7334299b8beed2200c30
  custom:scripting/monoscript/fileName/HashingHelpers.cs:  -> 0f7aeced044c9bfbe971ac41bd6b1b1e
  custom:scripting/monoscript/fileName/MonoBehaviourCallbackHooks.cs:  -> b20ea6c878896467bc06e7a880dbeda7
  custom:scripting/monoscript/fileName/UniTaskTrackerTreeView.cs:  -> c3de97b12f71803b2fc26b75b90806df
  custom:scripting/monoscript/fileName/ProfileWindow.cs:  -> fa1c3d799675766d6e9897b9bc0b5a97
  custom:scripting/monoscript/fileName/FileCompressor.cs:  -> 9e176c2b40f10af0783acadfcf93a0a6
  custom:scripting/monoscript/fileName/BuildCacheUtility.cs:  -> 2743f002ee5eaa2b245807c6d3986866
  custom:scripting/monoscript/fileName/VisualElementsWrapper.cs:  -> 7ac1a7ea79783a0dda155d9acf8e52e7
  custom:scripting/monoscript/fileName/ContentPipeline.cs:  -> 0099978ab3154e75ec02b02af05e3647
  custom:scripting/monoscript/fileName/AddressablesAsyncExtensions.cs:  -> ee5796555a9afcbeb5f2ce65e8a48698
  custom:scripting/monoscript/fileName/Create.cs:  -> 289f5930a1bbfbf6d8aac98cd21fd44c
  custom:scripting/monoscript/fileName/IBuildSpriteData.cs:  -> 70fcaabd919c2d8ed3f211908205c540
  custom:scripting/monoscript/fileName/HostingServicesManager.cs:  -> bf09b4c263482a04155920012d385668
  custom:scripting/monoscript/fileName/BuildCallbacks.cs:  -> e372553ccc5bfd1dd2d4f86e3433b7ac
  custom:scripting/monoscript/fileName/IAddressableView.cs:  -> 8b8bd30c6ee3cc366e6b5825b18b7a08
  custom:scripting/monoscript/fileName/BuildLayoutGenerationTask.cs:  -> ffed48cd2d09cc55f2fb49224941b889
  custom:scripting/monoscript/fileName/AssetReferenceDrawerUtilities.cs:  -> 351cdbf359a7cb402246cc4c26ca6bbc
  custom:scripting/monoscript/fileName/AsyncMessageBroker.cs:  -> 4a32470493a767702519176ca1433fe7
  custom:scripting/monoscript/fileName/UniTask.Run.cs:  -> e8dfc77fd5da4380c8f8d4365bbf9943
  custom:scripting/monoscript/fileName/TimeoutController.cs:  -> 7f14c5a7393aaf241bcae6a62f25f08d
  custom:scripting/monoscript/fileName/CompatibilityAssetBundleManifest.cs:  -> 8c821441185b5b6a41b701764a9456f7
  custom:scripting/monoscript/fileName/AssetInspectorGUI.cs:  -> 1c2fbe684b8b981136ad78cc97e442f1
  custom:scripting/monoscript/fileName/EventDataPlayerSessionCollection.cs:  -> aa3a5824b74762d314b052196c8121f1
  custom:scripting/monoscript/fileName/ContentUpdatePreviewWindow.cs:  -> 328cbe5138c9fb6c1c71697205eab50f
  custom:scripting/monoscript/fileName/JSONAssetProvider.cs:  -> c98e2b214b7d3e761475613a9d6fddfc
  custom:scripting/monoscript/fileName/AsyncHandlerWhenAll.AwaiterNode.cs:  -> 0cdf409b5aa8d4c25876d72b5c6a3b60
  custom:scripting/monoscript/fileName/Progress.cs:  -> 0f035c0a290dd1e7182edac9075582e1
  custom:scripting/monoscript/fileName/ProfileTreeView.cs:  -> 12e4118bc493b83e0d991a39a1318ef6
  custom:scripting/monoscript/fileName/BuildTasksRunner.cs:  -> 6061ed342a325c9c185a4b35bbfe23f3
  custom:scripting/monoscript/fileName/EveryValueChanged.cs:  -> 289f5930a1bbfbf6d8aac98cd21fd44c
  custom:scripting/monoscript/fileName/BuildExtendedAssetData.cs:  -> 646a6ec8dded2f210e51a6a26a267c53
  custom:scripting/monoscript/fileName/UnityAsyncExtensions.AsyncGPUReadback.cs:  -> 2ce912dfbd7921b810c8260119dfd16b
  custom:scripting/monoscript/fileName/ArrayPoolUtil.cs:  -> 6026c6766773a67edba6918a72666272
  custom:scripting/monoscript/fileName/DetailsSummaryView.cs:  -> aeb6ef9c87f8cedf81a2a9bdf342102f
  custom:scripting/monoscript/fileName/AsyncRequestHandlerWhenAll.Awaiter.cs:  -> 0cdf409b5aa8d4c25876d72b5c6a3b60
  custom:scripting/monoscript/fileName/AsyncTriggerBase.cs:  -> 823bd056d86e0ab97aaf6e278b55361e
  custom:scripting/monoscript/fileName/AnalyzeRule.cs:  -> 0616b2f44595cfd6ff277c8ca73ff9fd
  custom:scripting/monoscript/fileName/AssetDatabaseProvider.cs:  -> 34efb1764c9d10e1b435aca6b8f8ab50
  custom:scripting/monoscript/fileName/FreeList.cs:  -> 90647cc400823b41df847a6cbfc29026
  custom:scripting/monoscript/fileName/StatePool.cs:  -> 3b05b2c1e4ab709c481b00592572c470
  custom:scripting/monoscript/fileName/CacheInitializationDataDrawer.cs:  -> 306c2f8cb1fc8b44b12a3aadd3361ffe
  custom:scripting/monoscript/fileName/AsyncHandlerWhenAll.cs:  -> 082ce3b12007e1cdad2df4272a6c184b
  custom:scripting/monoscript/fileName/BuildProfiler.cs:  -> 20a6883e13cfb1c377baf8d9ad7c7108
  custom:scripting/monoscript/fileName/OperationCacheKeys.cs:  -> a875722a6684f3c9f42fc8e71fb98086
  custom:scripting/monoscript/fileName/TakeUntil.cs:  -> efe6b934e9d0ee1725c154fd964b4209
  custom:scripting/monoscript/fileName/SkipUntil.cs:  -> efe6b934e9d0ee1725c154fd964b4209
  custom:scripting/monoscript/fileName/AppendPrepend.cs:  -> efe6b934e9d0ee1725c154fd964b4209
  custom:scripting/monoscript/fileName/ProjectConfigData.cs:  -> 7921ee70ddc5c6dd7a9df8ec0c0092c7
  custom:scripting/monoscript/fileName/IBuildContext.cs:  -> 5ff9d28c8d4a4f1b753bc76a607083bf
  custom:scripting/monoscript/fileName/IgnoreAutoRegistration.cs:  -> 0cb0511be2692d7834ef385d231615cc
  custom:scripting/monoscript/fileName/AssetReferenceUIRestriction.cs:  -> ab1a4ace83e547a82f148902e05d9451
  custom:scripting/monoscript/fileName/DuplicatedAssetsContentView.cs:  -> 071f6b802be913317a07b2a4ef0ee772
  custom:scripting/monoscript/fileName/DetailsSummaryBuilder.cs:  -> ba334c0298d2d1e4c9714387e3c7aae8
  custom:scripting/monoscript/fileName/AnalyzeResultData.cs:  -> c2f44893e38a82b7544778fbc70f6623
  custom:scripting/monoscript/fileName/DefaultIfEmpty.cs:  -> efe6b934e9d0ee1725c154fd964b4209
  custom:scripting/monoscript/fileName/IBundleExplictObjectLayout.cs:  -> ddaeb79a7a717f820f674015296294c0
  custom:scripting/monoscript/fileName/Where.cs:  -> e04e425c777f1d7037dc6cc52ad13ed2
  custom:scripting/monoscript/fileName/PostDependencyCallback.cs:  -> eb19b86cfe0872246c64c5aa303dec70
  custom:scripting/monoscript/fileName/BuildBundleLayout.cs:  -> 576813ef72fead3ae460d113cf17b9a7
  custom:scripting/precompiled-assembly-types:Unity.Addressables:  -> f65680ba0beb7f7498a5f1f632e61f6f
  custom:scripting/monoscript/fileName/BaseHostingService.cs:  -> 200b06cbaa68e8641c1d85f0d10bc757
  custom:scripting/monoscript/fileName/RebuildSpriteAtlasCache.cs:  -> 4336dcac6b167662dc27a4b8cb534249
  custom:scripting/monoscript/fileName/ISceneProvider.cs:  -> 658a51016cbab09b1ba5c1655069810e
  custom:scripting/monoscript/fileName/GroupBy.cs:  -> e04e425c777f1d7037dc6cc52ad13ed2
  custom:scripting/monoscript/fileName/AsyncAwakeTrigger.cs:  -> 7387ce7788cf5d3792a98688cd3d79f1
  custom:scripting/monoscript/fileName/GenerateLocationListsTask.cs:  -> 4c17cd4ff87a2e74f5b37e68beb1034f
  custom:scripting/monoscript/fileName/PackedPlayModeBuildLogs.cs:  -> 26ca3e11f45bddf9443535bcaf190309
  custom:scripting/monoscript/fileName/AsyncUnit.cs:  -> bdde3a019349397c42451c1bef7aa1d9
  custom:scripting/monoscript/fileName/UniTaskTrackerWindow.cs:  -> ba58a82852775cec7bef8668a6c5b928
  custom:scripting/monoscript/fileName/VirtualAssetBundleProvider.cs:  -> 014c97404d6f15b756db08d2ee4aa738
  custom:scripting/monoscript/fileName/AddressablesRuntimeProperties.cs:  -> 4969983b02306777c6a47ce4a11cc967
  custom:scripting/monoscript/fileName/Never.cs:  -> efe6b934e9d0ee1725c154fd964b4209
  custom:scripting/monoscript/fileName/MessagePipeOptions.cs:  -> 1bf9c6a3ea5a38d6ee090ad1cb079b0b
  custom:scripting/monoscript/fileName/AddressablesBuildScriptHooks.cs:  -> 2cbbf8974b686fe2baa61afde888f688
  custom:scripting/monoscript/fileName/DisposableBag.cs:  -> 10dda6b01117e383efc29664689aae9c
  custom:scripting/precompiled-assembly-types:UniTask.DOTween:  -> bae848875a35fe96f09fcc9f4e534600
  custom:scripting/monoscript/fileName/BundleDetails.cs:  -> c2ce173f3479298f0c344c217d376d24
  custom:scripting/precompiled-assembly-types:UniTask.TextMeshPro:  -> e5e0825b0cf864eb2dd5a843f6af63de
  custom:scripting/monoscript/fileName/UpdateBundleObjectLayout.cs:  -> d3e8743e5c2de0c9b031ff5de45c2faa
  custom:scripting/monoscript/fileName/ReflectionExtensions.cs:  -> 18deef64260ff7f38d0791626801b560
  custom:scripting/monoscript/fileName/GUIUtility.cs:  -> 4f971baa0f9d48cbd293794e0740ba9f
  custom:scripting/monoscript/fileName/USerialize.cs:  -> 6f1fb90844e336a2331e02dcaf45180a
  custom:scripting/monoscript/fileName/DetailsStack.cs:  -> 1bce17e22c9932daf94954746a7de14d
  custom:scripting/monoscript/fileName/CacheInitialization.cs:  -> 231ea051a2a92e5ba6df4a940124813d
  custom:scripting/monoscript/fileName/EventDataSet.cs:  -> 219643b14b32f828cebbb2d2ae9fdc7d
  custom:scripting/monoscript/fileName/IUniTaskSource.cs:  -> 7910628b1cd57745164d0cf383ec2b76
  custom:scripting/monoscript/fileName/UniTaskObservableExtensions.cs:  -> 1548afc0620b7bb5b9e401bac3b99486
  custom:scripting/monoscript/fileName/ResourceManagerRuntimeData.cs:  -> 1b7a8a6c7dd023adb09d5675c09d77d6
  custom:scripting/monoscript/fileName/Select.cs:  -> e04e425c777f1d7037dc6cc52ad13ed2
  custom:scripting/monoscript/fileName/BuildScriptPackedMode.cs:  -> 407a5958a595f4becac3b0cc930fc7a2
  custom:scripting/monoscript/fileName/Merge.cs:  -> efe6b934e9d0ee1725c154fd964b4209
  custom:scripting/monoscript/fileName/IGraphLayer.cs:  -> a76f5bd30e23aa5de9f5dc8a7b4efcf0
  custom:scripting/monoscript/fileName/TreeBuilder.cs:  -> 36b82ae8a43ef47082a423bad7e418ea
  custom:scripting/monoscript/fileName/MessagePipeDiagnosticsInfoWindow.cs:  -> 1cdeb19f5954964a1f60f82fad242861
  custom:scripting/monoscript/fileName/BinaryStorageBuffer.cs:  -> aea5e9a2d05029c76f9f73a17b287e21
  custom:scripting/monoscript/fileName/DiagnosticsHelper.cs:  -> 222c0e38f0f7e840374020cdf3364150
  custom:scripting/monoscript/fileName/ResourceManagerCacheWindow.cs:  -> e6140759c281f8efb60128561ae796f5
  custom:scripting/monoscript/fileName/Pairwise.cs:  -> efe6b934e9d0ee1725c154fd964b4209
  custom:scripting/monoscript/fileName/IBuildContent.cs:  -> 985433c3d816b7fe3356ac6fdd88a9c1
  custom:scripting/monoscript/fileName/AddressableReadOnlyAttribute.cs:  -> 914c40d4b7e39c112d1393ac0c92b23a
  custom:scripting/monoscript/fileName/PlatformUtilities.cs:  -> 235a1dc9d5a05ec2d866fa311b4cb464
  custom:scripting/monoscript/fileName/UnityWebRequestOperation.cs:  -> 48ce9539f5ab38dbacd1aa0c1352711a
  custom:scripting/monoscript/fileName/BuildScriptFastMode.cs:  -> 256d014c225478a7ec3003a9ee45d090
  custom:scripting/monoscript/fileName/Single.cs:  -> a252708f77e204aad6236a91150bdf63
  custom:scripting/monoscript/fileName/IBuildParameters.cs:  -> 5444d4b7b91f8f230014e0b0f1d671dc
  custom:scripting/monoscript/fileName/AsyncMethodBuilderAttribute.cs:  -> 2b2502278de608a17a5db0f4b21b6176
  custom:scripting/monoscript/fileName/IPublisherSubscriber.cs:  -> ef6d7e59ae4c8a6c7a1fe01cda8f43b4
  custom:scripting/monoscript/fileName/ContinuationQueue.cs:  -> d500f47c3cf86179cc134f6b5e74e57f
  custom:scripting/monoscript/fileName/CacheEntry.cs:  -> 184ec4582c6a111a6d76b26e9882d8ac
  custom:scripting/monoscript/fileName/CalculateCustomDependencyData.cs:  -> 60157e862b4f285cab819b205d1dcc68
  custom:scripting/monoscript/fileName/RawWriteOperation.cs:  -> 0c25d4a5522f2e528b1c316a8854d37d
  custom:scripting/monoscript/fileName/AsyncRequestHandler.cs:  -> 0cdf409b5aa8d4c25876d72b5c6a3b60
  custom:scripting/monoscript/fileName/InMemoryDistributedPubSub.cs:  -> 0920831b89614b3f8f0b238c5e6043c0
  custom:scripting/monoscript/fileName/IObjectDependencyData.cs:  -> dab6b9b0a9d3dcde7acff38a7870ced5
  custom:scripting/monoscript/fileName/HostingServicesAddServiceWindow.cs:  -> fd26c6703e93923a6040252fecaaecbe
  custom:scripting/monoscript/fileName/PostScriptsCallback.cs:  -> 1cec4066ff38f9052245bd85d91b727c
  custom:scripting/monoscript/fileName/StateMachineRunner.cs:  -> c184195a64aa5df035ee040440bdd14e
  custom:scripting/monoscript/fileName/AddressableAssetsSettingsGroupTreeView.cs:  -> e5fe57585b0651fd01ff393bdf3e4f20
  custom:scripting/monoscript/fileName/AnalyzeSystem.cs:  -> 128a795ef9670825919b4f5f7818fe78
  custom:scripting/monoscript/fileName/IDeterministicIdentifiers.cs:  -> 9fdfcaea74e444a0ad0fcc5b015d955f
  custom:scripting/monoscript/fileName/HostingServicesListTreeView.cs:  -> fafbbca9718fb186abd5a1dc67d1b847
  custom:scripting/monoscript/fileName/DataBuilderInterfaces.cs:  -> f6426747b57e0f131c6179da6223d701
  custom:scripting/monoscript/fileName/UniTask.WaitUntil.cs:  -> 8cf0f775f175f60a7ada508f4895741f
  custom:scripting/monoscript/fileName/Join.cs:  -> f025ee3af7e7614ce68983d93a5a1fc7
  custom:scripting/monoscript/fileName/UnityAsyncExtensions.Jobs.cs:  -> 2ce912dfbd7921b810c8260119dfd16b
  custom:scripting/monoscript/fileName/Preferences.cs:  -> bdb258244a7c33f78c62e008b0d0570b
  custom:scripting/monoscript/fileName/RibbonButton.cs:  -> cc35a659d75241a4e5c50fbc2cece8eb
  custom:scripting/monoscript/fileName/BuildUtility.cs:  -> d01ca5585045ab5318364299e9827882
  custom:scripting/monoscript/fileName/Reverse.cs:  -> efe6b934e9d0ee1725c154fd964b4209
  custom:scripting/monoscript/fileName/OrderBy.cs:  -> ee7b477c1de2821deb7c6c33d7046e0a
  custom:scripting/monoscript/fileName/AddressableAssetGroupInspector.cs:  -> 3e935212b2fe26486c64b69f39071ac1
  custom:scripting/monoscript/fileName/IProgressTracker.cs:  -> 59e48e9e64fc66dccd13c436990f26d1
  custom:scripting/monoscript/fileName/AddressableAssetsWindow.cs:  -> 0ae5a5fe93f233918ab0953c3f43b6da
  custom:scripting/precompiled-assembly-types:Unity.ResourceManager:  -> 75090aa782932ce9e0b2527b45dbcadd
  custom:scripting/monoscript/fileName/MessageBroker_Key.cs:  -> fdc76af93c95796253fa211c3d9c79fa
  custom:scripting/monoscript/fileName/GraphColors.cs:  -> b18f36856baf49a6bf6d17a60891f129
  custom:scripting/monoscript/fileName/DependencyInjectionShims.cs:  -> c0a4bb73ab38c6bb127fe7c4a7237fd9
  custom:scripting/monoscript/fileName/SubscriberExtensions.cs:  -> 1e92d47dc2458725dc4b9191991904f6
  custom:scripting/monoscript/fileName/AsyncDestroyTrigger.cs:  -> e2cbc45ea2f3fb042fac0ae86e248d7e
  custom:scripting/monoscript/fileName/ElementAt.cs:  -> 699358b9d556e19cd63451f2d736ffd3
  custom:scripting/monoscript/fileName/ContentCatalogProvider.cs:  -> b67cced6bdcda88e8bc8bafba1751ea9
  custom:scripting/monoscript/fileName/PlayerDataGroupSchema.cs:  -> 6e16a3fdc8daa841ada1b85209f744f7
  custom:scripting/monoscript/fileName/AddressableAssetsBuildContext.cs:  -> 356f5b7afbbe4f9d6ac7c932081259f2
  custom:scripting/monoscript/fileName/LinearPackedIdentifiers.cs:  -> f2ab3362c1bcc1efe300438e2ca25a9c
  custom:scripting/monoscript/fileName/CommonStrings.cs:  -> c37303b8ea4b24be7afe89e3c1f096f3
  custom:scripting/monoscript/fileName/RevertUnchangedAssetsToPreviousAssetState.cs:  -> 460b548d6d2a27380a55b9d51aa2a91b
  custom:scripting/monoscript/fileName/All.cs:  -> b967a2dc5b771a6b4b2ad03d459e6c8c
  custom:scripting/monoscript/fileName/AddressableAssetBuildSettings.cs:  -> c644429e8088e25eab8e9c6c7473dd16
  custom:scripting/monoscript/fileName/ContentUpdateScript.cs:  -> 15966d4e73e1ff0eeef8a7e41df54762
  custom:scripting/monoscript/fileName/UpdateCatalogsOperation.cs:  -> 22a4d3f0567324ebd120b6c47114c414
  custom:scripting/monoscript/fileName/AddressableAssetProfileSettings.cs:  -> a6f00f6a629984367397b66ab11cf3e3
  custom:scripting/monoscript/fileName/IDistributedPubSub.cs:  -> 0cdf409b5aa8d4c25876d72b5c6a3b60
  custom:scripting/monoscript/fileName/UniTaskExtensions.cs:  -> 637f60772bce5be0cd05af5b5fec7d0f
  custom:scripting/monoscript/fileName/Min.cs:  -> b47f728034956cf961e3a064efc31009
  custom:scripting/monoscript/fileName/Queue.cs:  -> efe6b934e9d0ee1725c154fd964b4209
  custom:scripting/monoscript/fileName/AssetSettingsAnalyzeTreeView.cs:  -> 8dce9d91b61072395655d33d05e5ffbc
  custom:scripting/monoscript/fileName/MonoBehaviourMessagesTriggers.cs:  -> 212e6681df016de938f1eb0239d01064
  custom:scripting/monoscript/fileName/DetailsView.cs:  -> 0b2675f54fd32b068a74f7e2e7734c07
  custom:scripting/monoscript/fileName/CcdFolder.cs:  -> 56722f7ecef4cc8e5c97ffaca6ab3b01
  custom:scripting/monoscript/fileName/AnalyzeRuleGUI.cs:  -> 60c2d04e6f960fbcbfd16cc17b8c19ff
  custom:scripting/monoscript/fileName/ResourceProfilerWindow.cs:  -> ca7d053306b5efbb5532faf2f4cfbabb
  custom:scripting/monoscript/fileName/InitializationOperation.cs:  -> cc0f098c336f15c9e577e39c4f9de3d8
  custom:scripting/monoscript/fileName/BuildPlayerScripts.cs:  -> 0f2fc29cfe25da306bd11569a87e99c9
  custom:scripting/monoscript/fileName/AsyncTriggerExtensions.cs:  -> b238ddb1a6a4b2ed2cbfe83040c51bc9
  custom:scripting/monoscript/fileName/MessageBroker.cs:  -> 4a32470493a767702519176ca1433fe7
  custom:scripting/monoscript/fileName/BuildReportUtility.cs:  -> 9673d408d6a745435383c0b5a61feac8
  custom:scripting/monoscript/fileName/UnityAsyncExtensions.MonoBehaviour.cs:  -> 47a331d5c7d0e0d6022ab4f24fc8d2b4
  custom:scripting/monoscript/fileName/SkipUntilCanceled.cs:  -> efe6b934e9d0ee1725c154fd964b4209
  custom:scripting/monoscript/fileName/Skip.cs:  -> efe6b934e9d0ee1725c154fd964b4209
  custom:scripting/monoscript/fileName/BuildWriteData.cs:  -> 2cea0300b77fdbda33a3d90a3f600b08
  custom:scripting/monoscript/fileName/UniTask.Factory.cs:  -> d96e57689f384fba2ac939a801847151
  custom:scripting/monoscript/fileName/AddressableAssetSettingsDefaultObject.cs:  -> e7981c910f66dfbaf031c8ce8716e4f6
  custom:scripting/monoscript/fileName/Exceptions.cs:  -> 412c401d1d396e1eee18cd9d9cc157b8
  custom:scripting/monoscript/fileName/SkipWhile.cs:  -> e04e425c777f1d7037dc6cc52ad13ed2
  custom:scripting/monoscript/fileName/Max.cs:  -> 030a883ed5117a71e7d1dcdcce8c1ab5
  custom:scripting/monoscript/fileName/EventGraphListView.cs:  -> de869ea95eb3694d669a2710037bb50e
  custom:scripting/monoscript/fileName/BuildLogger.cs:  -> 43407796209bdb1c93ac5513c6439a81
  custom:scripting/monoscript/fileName/UniTask.WhenAll.cs:  -> 525b9593c105e0630336f02398910f9c
  custom:scripting/monoscript/fileName/AddressableAssetGroupSchemaTemplate.cs:  -> d73ce95c2dfc9b4c0fde34851827da9b
  custom:scripting/monoscript/fileName/AsUniTaskAsyncEnumerable.cs:  -> 5e129a52608008db261a7267b9274d7e
  custom:scripting/monoscript/fileName/UniTaskExtensions.Shorthand.cs:  -> 8c32dc49bb8d50f9d57a1082f7641549
  custom:scripting/monoscript/fileName/DiagnosticEvent.cs:  -> 702c10d90db28a97fd0e8756d49db9b4
  custom:scripting/monoscript/fileName/GraphUtility.cs:  -> 5afa00e65f4919d2ebe25a22961b605f
  custom:scripting/monoscript/fileName/BuildSpriteData.cs:  -> c829088ed78bbbb541c4780bcaac9f9e
  custom:scripting/monoscript/fileName/FilterAttachedAsyncMessageHandlerFactory.cs:  -> ad79f50bf18d53a2e5b885794a020975
  custom:scripting/monoscript/fileName/ContentUpdateGroupSchema.cs:  -> 9e1cb9fabd3acb0df685aad9daf99311
  custom:scripting/monoscript/fileName/VirtualAssetBundle.cs:  -> 403fdc42b77beb8d4211956d924af8e5
  custom:scripting/monoscript/fileName/IBuildCache.cs:  -> b89b6b1c01287101de59d979a61eafa2
  custom:scripting/monoscript/fileName/ResourceManagerConfig.cs:  -> ba4b09dddabfb0a9908b831adcbc32da
  custom:scripting/monoscript/fileName/AnalyzeWindow.cs:  -> 789504cef1e343db279db2e1f608d50e
  custom:scripting/monoscript/fileName/AddressableAssetGroupSchema.cs:  -> f12b9ab2aa4369c69d27273911963f33
  custom:scripting/monoscript/fileName/UniTaskScheduler.cs:  -> 87f424a3d3e9c842b839b0cd7e4069ea
  custom:scripting/monoscript/fileName/ProfilerGUIUtilities.cs:  -> 9c89115069c1afd29c613975c9a7c8eb
  custom:scripting/monoscript/fileName/TypeProxy.cs:  -> aeae645bc8d37f42607f24c716895f1c
  custom:scripting/monoscript/fileName/FilterAttachedAsyncRequestHandlerFactory.cs:  -> f886f71147da7636cf95e042dfe19696
  custom:scripting/monoscript/fileName/ContextInjector.cs:  -> be93aa05045a7a9adf91118021d7b9ef
  custom:scripting/monoscript/fileName/IWriteOperation.cs:  -> f992fc85bf839520185f31965947c71e
  custom:scripting/monoscript/fileName/UniTask.cs:  -> e99f3196465a6a0a9c3b71ca0821c65e
  custom:scripting/monoscript/fileName/AssetInspectorGUIGroupsPopup.cs:  -> e9a72325a30971ea3216354ca740e9b2
  custom:scripting/monoscript/fileName/PooledDelegate.cs:  -> 90647cc400823b41df847a6cbfc29026
  custom:scripting/monoscript/fileName/Count.cs:  -> 0249b2fa5e4baa3102a3afa6b55c47cd
  custom:scripting/monoscript/fileName/SequenceEqual.cs:  -> 668eee5aea89407486d7bcffe7cb59c3
  custom:scripting/monoscript/fileName/SceneManagerState.cs:  -> e96ca7b00cc9f087dfa5c0ffb14a37cd
  custom:scripting/monoscript/fileName/AssetReference.cs:  -> 76bfbd8e294384c1c347c42399db9e07
  custom:scripting/monoscript/fileName/SwitchToBuildPlatform.cs:  -> 302951eb00ef533a7f8d4e2af60b1dbb
  custom:scripting/monoscript/fileName/GraphLayerBarChart.cs:  -> 9f45f25191c95d5d2d84bd14688552c7
  custom:scripting/monoscript/fileName/Addressables.cs:  -> 97005ecac3074f5b10ed915cd71e993c
  custom:scripting/monoscript/fileName/AddressableAssetsSettingsGroupEditor.cs:  -> f02f24c2afc8e3ef10c44d1e2d8d3575
  custom:scripting/monoscript/fileName/ArchiveAndCompressBundles.cs:  -> a4f30b836ec7f461da7b1d8eed932e91
  custom:scripting/monoscript/fileName/CancellationTokenExtensions.cs:  -> fb13ca76b2a4bfdd4035c0d02dd74fe1
  custom:scripting/monoscript/fileName/ToggleTextExpansionButton.cs:  -> 5e3a0de12eedaf7424fcfabba9691241
  custom:scripting/monoscript/fileName/SubscriberExtensions.AsObservable.cs:  -> 106b9f3bd88baedf08ce4a225195d8f4
  custom:scripting/monoscript/fileName/BuildReportListView.cs:  -> 63024c384c55ce2d78218c30fa5b3286
  custom:scripting/monoscript/fileName/Intersect.cs:  -> efe6b934e9d0ee1725c154fd964b4209
  custom:scripting/monoscript/fileName/SceneBundleWriteOperation.cs:  -> 32514961e31a58db7f78c6fb8757c75f
  custom:scripting/monoscript/fileName/Zip.cs:  -> f025ee3af7e7614ce68983d93a5a1fc7
  custom:scripting/monoscript/fileName/Do.cs:  -> efe6b934e9d0ee1725c154fd964b4209
  custom:scripting/monoscript/fileName/ProviderOperation.cs:  -> 359d3d2b7bdb2b25c440e8dd34d4c52f
  custom:scripting/precompiled-assembly-types:UniTask.Addressables:  -> a2798681ed6c144ee1534df233b90a5c
  custom:scripting/monoscript/fileName/IBuildLog.cs:  -> 543b8847c6c9094f2d90357f2bde8b30
  custom:scripting/monoscript/fileName/AddressablesFileEnumeration.cs:  -> bfb1f2c5ec676ce8d74e0463cda8b6f5
  custom:scripting/monoscript/fileName/GraphLayerBase.cs:  -> cd1b1c7dea284c43bb00c40801ef69b4
  custom:scripting/monoscript/fileName/ToLookup.cs:  -> f7d69a007f724bfdcd88082681966f04
  custom:scripting/monoscript/fileName/CancellationTokenEqualityComparer.cs:  -> eaf9fb82fea733363e2e5cf9fa66bdd3
  custom:scripting/monoscript/fileName/Error.cs:  -> ab4a8d7d73082f9915cfa6955283b9d0
  custom:scripting/monoscript/fileName/AsyncStartTrigger.cs:  -> 0066b18d64dbcb5a4f024f7a34f0aaa2
  custom:scripting/monoscript/fileName/ProfileValueReferenceDrawer.cs:  -> 55f45d707eb32511a816eb67b4ca9229
  custom:scripting/monoscript/fileName/IAssetRepresentationData.cs:  -> 4fd3029c6ddc21ad01839cd63f7e8552
  custom:scripting/monoscript/fileName/KeyDataStore.cs:  -> e3ad8b8f65521a454232ae6811a3b1bc
  custom:scripting/monoscript/fileName/AppendBundleHash.cs:  -> 4b529c191f72e41deab5ef0b8d08bb2f
  custom:scripting/monoscript/fileName/AsyncEnumeratorBase.cs:  -> 0cdf409b5aa8d4c25876d72b5c6a3b60
  custom:scripting/monoscript/fileName/Distinct.cs:  -> 59d9183b470ee61d6699066a5d33f198
  custom:scripting/monoscript/fileName/EventViewerWindow.cs:  -> 0be55eecbc915a9e2f41a2c41614b95a
  custom:scripting/monoscript/fileName/AddressablesGUIUtility.cs:  -> 323b19d259de4b8820765598e616714a
  custom:scripting/monoscript/fileName/BinaryDataProvider.cs:  -> a67f6d13810a8d73b44b9863e23d9ba0
  custom:scripting/monoscript/fileName/BuiltinContainerBuilder.cs:  -> bab5483ba2714f3d148f688d38f8299e
  custom:scripting/precompiled-assembly-types:UniTask.Editor:  -> 79d68044bf92365c5b60bfc39b9a1005
  custom:scripting/monoscript/fileName/CheckSceneDupeDependencies.cs:  -> c529005c08ddbfa31e634028937294c1
  custom:scripting/monoscript/fileName/IUpdateReceiver.cs:  -> 48a33d839dac2a0f5c36263c421e463f
  custom:scripting/monoscript/fileName/SelectMany.cs:  -> f025ee3af7e7614ce68983d93a5a1fc7
  custom:scripting/monoscript/fileName/SceneProvider.cs:  -> 9b94da4a27e1351d1df6f2660fe324dc
  custom:scripting/monoscript/fileName/SkipLast.cs:  -> efe6b934e9d0ee1725c154fd964b4209
  custom:scripting/monoscript/fileName/BuildReportWindow.cs:  -> a4e7973ca496740ebc9c115609f390ab
  custom:scripting/monoscript/fileName/ResourceProviderBase.cs:  -> 62af7bda013206a02f2f9452cb0f8989
  custom:scripting/monoscript/fileName/GenerateBundlePacking.cs:  -> e605bef1aeac04a952cb03f12b7d1b74
  custom:scripting/precompiled-assembly-types:UniTask:  -> 401a2ad1d229e253132b1674e18d096d
  custom:scripting/monoscript/fileName/UnityBindingExtensions.cs:  -> c98ecbc0d584967b02b08b1ffb2e5224
  custom:scripting/monoscript/fileName/TakeWhile.cs:  -> e04e425c777f1d7037dc6cc52ad13ed2
  custom:scripting/monoscript/fileName/AssetReferenceDrawer.cs:  -> 56a8795a444b37848d7999c44498794e
  custom:scripting/monoscript/fileName/GenerateBundleMaps.cs:  -> 9a1c9e701ac353a3e9f794fda78e0a1c
  custom:scripting/monoscript/fileName/SceneStateCleanup.cs:  -> 31db7f5f98e9a1c904a3b9e4c43aa24b
  custom:scripting/monoscript/fileName/ProfileValueReference.cs:  -> 60d7ef76945b04b56b4eafa354becd13
  custom:scripting/monoscript/fileName/GroupJoin.cs:  -> f025ee3af7e7614ce68983d93a5a1fc7
  custom:scripting/monoscript/fileName/IUniTaskAsyncEnumerable.cs:  -> 8bcbab8bb3b14bda436d4b81b26b1112
  custom:scripting/monoscript/fileName/AddressableAssetsSettingsLabelMaskPopup.cs:  -> 15c3e60ed1f77da6c3de9dac046fb5c1
  custom:scripting/monoscript/fileName/CheckBundleDupeDependencies.cs:  -> 374cdc2cc7c535d6809152f40c9a103c
  custom:scripting/monoscript/fileName/ChainOperation.cs:  -> 0cdf409b5aa8d4c25876d72b5c6a3b60
  custom:scripting/monoscript/fileName/Publish.cs:  -> 265efb974607a5e184d90b917124cff4
  custom:scripting/monoscript/fileName/Return.cs:  -> efe6b934e9d0ee1725c154fd964b4209
  custom:scripting/monoscript/fileName/IWriteData.cs:  -> f2a238486c9cc3a5a9e531c07d54f232
  custom:scripting/monoscript/fileName/UniTask.WhenAll.Generated.cs:  -> 7fb018e9ba3599b49ae82f13957c218e
  custom:scripting/monoscript/fileName/IResourceLocator.cs:  -> b2e0cb99edb7f8acdfb948f7c5abcc89
  custom:scripting/monoscript/fileName/DirectoryUtility.cs:  -> 7f3417d7d989e1073b51cdd50e2a0ba7
  custom:scripting/monoscript/fileName/WriteSerializedFiles.cs:  -> 9c94ef6dac7108c5c9e0e92e832d5652
  custom:scripting/monoscript/fileName/BuildInterfacesWrapper.cs:  -> aeca1257cd6ce17b667e21eeaeaba2db
  custom:scripting/monoscript/fileName/VirtualAssetBundleRuntimeData.cs:  -> 0f082cd849e6c61750c94fcc2e75e117
  custom:scripting/monoscript/fileName/ExtractDataTask.cs:  -> a844ae830f3f5df3fb6c54ab468ddace
  custom:scripting/monoscript/fileName/TriggerEvent.cs:  -> 0cdf409b5aa8d4c25876d72b5c6a3b60
  custom:scripting/monoscript/fileName/GraphDefinition.cs:  -> e09273cb36df8ae7a46262b1952f3139
  custom:scripting/monoscript/fileName/PredicateFilter.cs:  -> 0cdf409b5aa8d4c25876d72b5c6a3b60
  custom:scripting/monoscript/fileName/BinaryAssetProvider.cs:  -> 90647cc400823b41df847a6cbfc29026
  custom:scripting/monoscript/fileName/UniTaskSynchronizationContext.cs:  -> aa8f1eaa9c276ac1a7e880ab468d0807
  custom:scripting/monoscript/fileName/AssetBundleProvider.cs:  -> a2949b4b16d373cfbf19d37cfdd11a8e
  custom:scripting/monoscript/fileName/ThreadingManager.cs:  -> c9fc7fb2e109a60745bd85a84c04e0b5
  custom:scripting/monoscript/fileName/GroupOperation.cs:  -> eee591da54a0f1ae36170f745e49c05d
  custom:scripting/monoscript/fileName/SearchStringFilters.cs:  -> 4d7d8cf372189e17e866e05056276254
  custom:scripting/monoscript/fileName/MessagePipeFilter.cs:  -> 52184a2f5a37187004132500d6a0847f
  custom:scripting/precompiled-assembly-types:Unity.Addressables.Editor:  -> 31897a21ad53ab48e8075e763aabbbba
  custom:scripting/monoscript/fileName/ResourceLocationBase.cs:  -> c3b5405c2e1e395381cef3d25640b4e4
  custom:scripting/monoscript/fileName/HostingServicesProfileVarsTreeView.cs:  -> 7040c45d43d56a2a8ef4e6bdf18397e9
  custom:scripting/monoscript/fileName/UnityAsyncExtensions.uGUI.cs:  -> fe5c6f255cdf251b0b664c4cda7e8cec
  custom:scripting/monoscript/fileName/SerializationUtilities.cs:  -> 8523441720eefd3a9494773eae726d9f
  custom:scripting/monoscript/fileName/AssetLabelReferenceDrawer.cs:  -> 62d02ad89b50d7ddfa94ad44619ed980
  custom:scripting/monoscript/fileName/AddressableAssetsSettingsGroupEditorBuildMenu.cs:  -> 130a166dfa91c0f499acbf93389ff033
  custom:scripting/monoscript/fileName/UniTask.Bridge.cs:  -> e8dfc77fd5da4380c8f8d4365bbf9943
  custom:scripting/monoscript/fileName/PlayerLoopTimer.cs:  -> aa4dfcce354a043ef3af68220025f40e
  custom:scripting/monoscript/fileName/Aggregate.cs:  -> a447398e1c44091c47820522200d179d
  custom:scripting/monoscript/fileName/Contains.cs:  -> 6e01b0a49a26aaf8ac394516b8ccc241
  custom:scripting/monoscript/fileName/VirtualBundledAssetProvider.cs:  -> 1ca7323a85935ccecc1db16d28a14120
  custom:scripting/monoscript/fileName/MinimumQueue.cs:  -> 90647cc400823b41df847a6cbfc29026
  custom:scripting/monoscript/fileName/IHostingService.cs:  -> 6c8a878c5b16abcf226c43968fb38da8
  custom:scripting/monoscript/fileName/MainToolbar.cs:  -> d3d128f522003159832e45e459523e67
  custom:scripting/monoscript/fileName/BuildDependencyData.cs:  -> e86421eb6cd5a56c2f29fe865b6f6634
  custom:scripting/monoscript/fileName/AddressableAssetPostProcessor.cs:  -> 65b31ffd1109616e5262d25a0e44e378
  custom:scripting/monoscript/fileName/DiagnosticsExtensions.cs:  -> 08bd7c3ac86ab08973eade60a63f0e1f
  custom:scripting/monoscript/fileName/CompatibilityBuildPipeline.cs:  -> facf82cb07a5c10c38b56a00da8757a5
  custom:scripting/monoscript/fileName/ResourceLocationMap.cs:  -> eab26fa0984b2b8a6831e68cfc17f3ba
  custom:scripting/monoscript/fileName/CheckCatalogsOperation.cs:  -> b8f50d313d9537eebcb562d1a1693d53
  custom:scripting/monoscript/fileName/IKeyEvaluator.cs:  -> 15673ccb00d128582325262f9311b111
  custom:scripting/monoscript/fileName/AddressablesPlayerBuildProcessor.cs:  -> 339cbfdfac0ee359959e3c1a4e5d66bc
  custom:scripting/monoscript/fileName/LegacyResourcesLocator.cs:  -> 1678ad496fbbc5650c83b00a5a066deb
  custom:scripting/monoscript/fileName/Preserve.cs:  -> 8e7ea8c8f7b5bf2cc033a28fb3cc116d
  custom:scripting/monoscript/fileName/SummaryRowBuilder.cs:  -> ae93d6fed5d1ace44616875d65c4ce3c
  custom:scripting/monoscript/fileName/TextDataProvider.cs:  -> 43da5cf6551caea5e5114202822256d1
  custom:scripting/monoscript/fileName/RuntimeHelpersAbstraction.cs:  -> 1681ecbd61e0a0d48e7ef5d8b9f4e3c7
  custom:scripting/monoscript/fileName/ContentView.cs:  -> c5b21a5d97cadc9ebbc0786a1877a5f2
  custom:scripting/precompiled-assembly-types:MessagePipe:  -> 5198aca67893219ee396613fad60d508
  custom:scripting/monoscript/fileName/IHostingServiceConfigurationProvider.cs:  -> 37331473e3b10d53f8c2add9b2dc2b74
  custom:scripting/monoscript/fileName/TextMeshProAsyncExtensions.cs:  -> df5094f7b04c1c8408903779c58605e6
  custom:scripting/monoscript/fileName/DetailsUtility.cs:  -> e1ed09368c21eefa172da4935add5590
  custom:scripting/monoscript/fileName/ILocationSizeData.cs:  -> 9c09ebefcc2fd90fa5c432a2f1587b32
  custom:scripting/monoscript/fileName/CalculateAssetDependencyData.cs:  -> 3543034cff244684ebe2b35b7e56cabb
  custom:scripting/monoscript/fileName/Unity5PackedIdentifiers.cs:  -> 2fef534b6f5a3f203548e50e8ca6fb59
  custom:scripting/monoscript/fileName/GlobalInitialization.cs:  -> 046d98a1828b7f01ca857827b787db79
  custom:scripting/monoscript/fileName/UnityWebRequestException.cs:  -> 2f89594a450491fa97181818dc809735
  custom:scripting/monoscript/fileName/DocumentationButton.cs:  -> f4751b253ed0c3ae139c749a6af03e34
  custom:scripting/monoscript/fileName/LabeledLabel.cs:  -> 959706a9c53386f4c2ee27b4a2a0ba56
  custom:scripting/monoscript/fileName/Buffer.cs:  -> 289f5930a1bbfbf6d8aac98cd21fd44c
  custom:scripting/monoscript/fileName/BuildLayoutPrinter.cs:  -> 4318a3b2efdd745a52f83fe7236e7651
  custom:scripting/monoscript/fileName/ServiceCollectionExtensions.cs:  -> ac88d66c3357b91694447e9d87fb41db
========================================================================
Received Import Request.
  Time since last request: 1253450.257905 seconds.
  path: Assets/Scripts/Infrastructure/Services/Initializer.cs
  artifactKey: Guid(4dd917d16cb143e4491b0348d55880c2) Importer(2089858483,0ecaa5967403d082aa24f35e1b516d23)
Start importing Assets/Scripts/Infrastructure/Services/Initializer.cs using Guid(4dd917d16cb143e4491b0348d55880c2) Importer(2089858483,0ecaa5967403d082aa24f35e1b516d23) Generated GUIDs only implemented for interfaces!
 -> (artifact id: '52374f203ecca08b979e89ba5659aee8') in 1.980214 seconds
Number of updated asset objects reloaded before import = 0
Number of asset objects unloaded after import = 1
========================================================================
Received Import Request.
  Time since last request: 29.568514 seconds.
  path: Assets/Scripts/Infrastructure/Events/MFEvent.cs
  artifactKey: Guid(e292e385550f4abeb73c84cce2569e96) Importer(2089858483,0ecaa5967403d082aa24f35e1b516d23)
Start importing Assets/Scripts/Infrastructure/Events/MFEvent.cs using Guid(e292e385550f4abeb73c84cce2569e96) Importer(2089858483,0ecaa5967403d082aa24f35e1b516d23) Generated GUIDs only implemented for interfaces!
 -> (artifact id: 'a262109d0ef256c5408bcd8188c4214e') in 0.136425 seconds
Number of updated asset objects reloaded before import = 0
Number of asset objects unloaded after import = 1
========================================================================
Received Import Request.
  Time since last request: 946.684141 seconds.
  path: Assets/Scripts/Infrastructure/Events/MFEvent.cs
  artifactKey: Guid(e292e385550f4abeb73c84cce2569e96) Importer(2089858483,0ecaa5967403d082aa24f35e1b516d23)
Start importing Assets/Scripts/Infrastructure/Events/MFEvent.cs using Guid(e292e385550f4abeb73c84cce2569e96) Importer(2089858483,0ecaa5967403d082aa24f35e1b516d23) Generated GUIDs only implemented for interfaces!
 -> (artifact id: 'af4f7b2c34a6b02723b7cd79c057b3fe') in 0.413435 seconds
Number of updated asset objects reloaded before import = 0
Number of asset objects unloaded after import = 1
========================================================================
Received Import Request.
  Time since last request: 9.797947 seconds.
  path: Assets/Scripts/Infrastructure/Events/MFEvent.cs
  artifactKey: Guid(e292e385550f4abeb73c84cce2569e96) Importer(2089858483,0ecaa5967403d082aa24f35e1b516d23)
Start importing Assets/Scripts/Infrastructure/Events/MFEvent.cs using Guid(e292e385550f4abeb73c84cce2569e96) Importer(2089858483,0ecaa5967403d082aa24f35e1b516d23) Generated GUIDs only implemented for interfaces!
 -> (artifact id: '8c878bb322b69865bb3eba0556fdb324') in 0.103475 seconds
Number of updated asset objects reloaded before import = 0
Number of asset objects unloaded after import = 1
========================================================================
Received Import Request.
  Time since last request: 28.123023 seconds.
  path: Assets/Scripts/Infrastructure/Events/MFEvent.cs
  artifactKey: Guid(e292e385550f4abeb73c84cce2569e96) Importer(2089858483,0ecaa5967403d082aa24f35e1b516d23)
Start importing Assets/Scripts/Infrastructure/Events/MFEvent.cs using Guid(e292e385550f4abeb73c84cce2569e96) Importer(2089858483,0ecaa5967403d082aa24f35e1b516d23) Generated GUIDs only implemented for interfaces!
 -> (artifact id: 'aefc239e22d7152607969f217926e8f3') in 0.037244 seconds
Number of updated asset objects reloaded before import = 0
Number of asset objects unloaded after import = 1
========================================================================
Received Prepare
Begin MonoManager ReloadAssembly
- Loaded All Assemblies, in  6.015 seconds
Refreshing native plugins compatible for Editor in 16.67 ms, found 3 plugins.
Native extension for WindowsStandalone target not found
Native extension for Android target not found
[Package Manager] Server::EnsureServerProcessIsRunning -- launch failed, reason: Unity was launched with the -noUpm command-line argument
[Package Manager] UpmClient::Send -- Unable to send message (not connected to UPM process).
[Package Manager] Cannot connect to Unity Package Manager local server
Mono: successfully reloaded assembly
- Finished resetting the current domain, in 21.265 seconds
Domain Reload Profiling: 27274ms
	BeginReloadAssembly (2640ms)
		ExecutionOrderSort (0ms)
		DisableScriptedObjects (86ms)
		BackupInstance (0ms)
		ReleaseScriptingObjects (2ms)
		CreateAndSetChildDomain (1242ms)
	RebuildCommonClasses (154ms)
	RebuildNativeTypeToScriptingClass (36ms)
	initialDomainReloadingComplete (158ms)
	LoadAllAssembliesAndSetupDomain (3020ms)
		LoadAssemblies (3585ms)
		RebuildTransferFunctionScriptingTraits (0ms)
		AnalyzeDomain (339ms)
			TypeCache.Refresh (150ms)
				TypeCache.ScanAssembly (3ms)
			ScanForSourceGeneratedMonoScriptInfo (114ms)
			ResolveRequiredComponents (72ms)
	FinalizeReload (21267ms)
		ReleaseScriptCaches (0ms)
		RebuildScriptCaches (0ms)
		SetupLoadedEditorAssemblies (1574ms)
			LogAssemblyErrors (0ms)
			InitializePlatformSupportModulesInManaged (110ms)
			SetLoadedEditorAssemblies (32ms)
			RefreshPlugins (0ms)
			BeforeProcessingInitializeOnLoad (360ms)
			ProcessInitializeOnLoadAttributes (951ms)
			ProcessInitializeOnLoadMethodAttributes (105ms)
			AfterProcessingInitializeOnLoad (15ms)
			EditorAssembliesLoaded (2ms)
		ExecutionOrderSort2 (0ms)
		AwakeInstancesAfterBackupRestoration (15ms)
Refreshing native plugins compatible for Editor in 23.14 ms, found 3 plugins.
Preloading 0 native plugins for Editor in 0.00 ms.
Unloading 3995 Unused Serialized files (Serialized files now loaded: 0)
Unloading 27 unused Assets / (33.2 KB). Loaded Objects now: 4468.
Memory consumption went from 143.9 MB to 143.9 MB.
Total: 17.373400 ms (FindLiveObjects: 0.845000 ms CreateObjectMapping: 0.311400 ms MarkObjects: 16.025400 ms  DeleteObjects: 0.188500 ms)

Prepare: number of updated asset objects reloaded= 0
AssetImportParameters requested are different than current active one (requested -> active):
  custom:container-demuxer-ogg: 62fdf1f143b41e24485cea50d1cbac27 -> 
  custom:video-decoder-ogg-theora: a1e56fd34408186e4bbccfd4996cb3dc -> 
  custom:framework-win-MediaFoundation: 216162199b28c13a410421893ffa2e32 -> 
  custom:CustomObjectIndexerAttribute: 756ad292c208cfabdd7b50bc23989ffe -> 
  custom:container-demuxer-webm: 4f35f7cbe854078d1ac9338744f61a02 -> 
  custom:container-muxer-webm: aa71ff27fc2769a1b78a27578f13a17b -> 
  custom:video-decoder-webm-vp8: 9c59270c3fd7afecdb556c50c9e8de78 -> 
  custom:SearchIndexIgnoredProperties: e643bd26f0fe6173181afceb89e7c659 -> 
  custom:AudioImporter_EditorPlatform: d09bf68614088b80899f8185d706f6e7 -> 
  custom:video-encoder-webm-vp8: eb34c28f22e8b96e1ab97ce403110664 -> 
  custom:audio-decoder-ogg-vorbis: bf7c407c2cedff20999df2af8eb42d56 -> 
  custom:audio-encoder-webm-vorbis: bf7c407c2cedff20999df2af8eb42d56 -> 
